
================================================================================
[2026-06-14 23:15 UTC] -- Prediction Run #1
================================================================================

PREDICTIONS:
  24h   | UP    | +0.0%    | Confidence: 65%
  7d    | UP    | +0.0%    | Confidence: 52%
  30d   | UP    | +0.0%    | Confidence: 40%
  90d   | UP    | +0.0%    | Confidence: 30%

SIGNAL SUMMARY:
  Price             : $65,326.97
  RSI (14)          : 71.0 -- Overbought
  MACD              : 184.84 -- Bullish crossover
  ADX               : 33.4 -- Strong trend
  Volume Ratio      : 0.19 -- Below average
  EMA 50/200        : Golden cross
  Cycle Phase       : Euphoria Zone -- 54% through cycle

NOTE: Confidence decreases with longer timeframes.
================================================================================

================================================================================
[2026-06-14 23:15 UTC] -- Prediction Run #2
================================================================================

PREDICTIONS:
  24h   | UP    | +0.0%    | Confidence: 65%
  7d    | UP    | +0.0%    | Confidence: 52%
  30d   | UP    | +0.0%    | Confidence: 40%
  90d   | UP    | +0.0%    | Confidence: 30%

SIGNAL SUMMARY:
  Price             : $65,326.97
  RSI (14)          : 71.0 -- Overbought
  MACD              : 184.84 -- Bullish crossover
  ADX               : 33.4 -- Strong trend
  Volume Ratio      : 0.19 -- Below average
  EMA 50/200        : Golden cross
  Cycle Phase       : Euphoria Zone -- 54% through cycle

NOTE: Confidence decreases with longer timeframes.
================================================================================

================================================================================
[2026-06-14 23:42 UTC] -- Prediction Run #3
================================================================================

PREDICTIONS:
  24h   | DOWN  | -0.8%    | Confidence: 19%
  7d    | UP    | +0.9%    | Confidence: 10%
  30d   | DOWN  | -6.4%    | Confidence: 12%
  90d   | DOWN  | -14.3%   | Confidence: 28%

SIGNAL SUMMARY:
  Price             : $65,326.97
  RSI (14)          : 71.0 -- Overbought
  MACD              : 184.84 -- Bullish crossover
  ADX               : 33.4 -- Strong trend
  Volume Ratio      : 0.19 -- Below average
  EMA 50/200        : Golden cross
  Cycle Phase       : Euphoria Zone -- 54% through cycle

NOTE: Confidence decreases with longer timeframes.
================================================================================

================================================================================
[2026-06-14 23:46 UTC] -- Prediction Run #4
================================================================================

PREDICTIONS:
  24h   | DOWN  | -0.8%    | Confidence: 19%
  7d    | UP    | +0.9%    | Confidence: 10%
  30d   | DOWN  | -6.4%    | Confidence: 12%
  90d   | DOWN  | -14.3%   | Confidence: 28%

SIGNAL SUMMARY:
  Price             : $65,326.97
  RSI (14)          : 71.0 -- Overbought
  MACD              : 184.84 -- Bullish crossover
  ADX               : 33.4 -- Strong trend
  Volume Ratio      : 0.19 -- Below average
  EMA 50/200        : Golden cross
  Cycle Phase       : Euphoria Zone -- 54% through cycle

NOTE: Confidence decreases with longer timeframes.
================================================================================

================================================================================
[2026-06-14 23:47 UTC] -- Prediction Run #5
================================================================================

PREDICTIONS:
  24h   | DOWN  | -0.8%    | Confidence: 19%
  7d    | UP    | +0.9%    | Confidence: 10%
  30d   | DOWN  | -6.4%    | Confidence: 12%
  90d   | DOWN  | -14.3%   | Confidence: 28%

SIGNAL SUMMARY:
  Price             : $65,326.97
  RSI (14)          : 71.0 -- Overbought
  MACD              : 184.84 -- Bullish crossover
  ADX               : 33.4 -- Strong trend
  Volume Ratio      : 0.19 -- Below average
  EMA 50/200        : Golden cross
  Cycle Phase       : Euphoria Zone -- 54% through cycle

NOTE: Confidence decreases with longer timeframes.
================================================================================
